e65f709e475ba5480ae32d2be5ae3826	zenburn.conf
c5af64e0f2627ba8b3e1ec8f519f88d2	mc.conf
c61ead84fb2fba8bf1d27fb787a8f059	fluffy.conf
a7511319de69a819e7edd6c60d90a686	oblivion2.conf
2196d395b7669d6aa81dfbba95f08701	black.conf
66ff10140d6c99c7ad38ddf6dd7f07a4	tango-light.conf
6f55f721882b7c08e71b197c57a1c3dc	solarized-dark.conf
aab9502b99ac01bc4f90f3d5b5a5b8d8	slushpoppies.conf
f35499a8cd643bd4159138adf5c35add	tango-dark.conf
303ab2befb4568b1e677e7615d601e81	dark.conf
f0d3b817ee91646c1c9ecfe978d51cf6	retro.conf
99b7663c11177e55dac5d232855a99b5	inkpot.conf
f8968e4bd09c5f5c52f7de5577154582	bespin.conf
e7a55e5c551e1dc1ca8f08cc121f44ce	gedit.conf
29dff713647db9f288d87423f32f0990	solarized-light.conf
67188ade2cf5f81345c9cee2843d5512	vibrant-ink.conf
8bbdfe4b1f7e5187d95d760cde19321c	pygments.conf
8af93bd5bec0a89acbd77ee468b30cf3	github.conf
e766a25ea4c4417d840d9680586a3b6f	monokai.conf
40fa84812b22c97989d241d63bc84ead	railcasts2.conf
d7a2916b9d773c9e65a9cc60f10c4bfc	tinge.conf
f26daf0e6d9ae56a583d33fed60068b7	kugel.conf
942a5d5197b98dc656dd91944f4f71a0	dark-fruit-salad.conf
